<?xml version="1.0" encoding="UTF-8"?>
<!-- Generated by org.testng.reporters.JUnitReportReporter -->
<testsuite hostname="DESKTOP-QVM9MT7" failures="0" tests="2" name="testCases.LoginPageTest" time="31.172" errors="0" timestamp="2024-11-04T08:53:31 GST" skipped="0">
  <testcase classname="testCases.LoginPageTest" name="verifyLoginWithInValidcredentials" time="11.984"/>
  <testcase classname="testCases.LoginPageTest" name="verifyLoginWithCredentials" time="19.188"/>
</testsuite> <!-- testCases.LoginPageTest -->
