<?xml version="1.0" encoding="UTF-8"?>
<!-- Generated by org.testng.reporters.JUnitReportReporter -->
<testsuite hostname="DESKTOP-QVM9MT7" failures="0" tests="2" name="testCases.ManageContactTest" time="16.055" errors="0" timestamp="2024-11-04T00:50:52 GST" skipped="0">
  <testcase classname="testCases.ManageContactTest" name="contactupdate" time="8.295"/>
  <system-out/>
  <testcase classname="testCases.ManageContactTest" name="resetbutton" time="7.760"/>
  <system-out/>
</testsuite> <!-- testCases.ManageContactTest -->
